<?xml version="1.0" encoding="UTF-8"?>
<robot generator="Robot 4.1 (Python 3.9.6 on win32)" generated="20210813 19:59:38.272" rpa="false" schemaversion="2">
<suite id="s1" name="Daraz Basic" source="C:\development\robot-scripts\daraz\tests\daraz_basic.robot">
<test id="s1-t1" name="User can check a product without signing in">
<kw name="Open Browser" library="SeleniumLibrary">
<arg>http://www.daraz.com.bd</arg>
<arg>chrome</arg>
<doc>Opens a new browser instance to the optional ``url``.</doc>
<msg timestamp="20210813 19:59:38.604" level="INFO">Opening browser 'chrome' to base url 'http://www.daraz.com.bd'.</msg>
<status status="PASS" starttime="20210813 19:59:38.604" endtime="20210813 19:59:45.420"/>
</kw>
<kw name="Maximize Browser Window" library="SeleniumLibrary">
<doc>Maximizes current browser window.</doc>
<status status="PASS" starttime="20210813 19:59:45.423" endtime="20210813 19:59:46.011"/>
</kw>
<kw name="Input Text" library="SeleniumLibrary">
<arg>id=q</arg>
<arg>Router</arg>
<doc>Types the given ``text`` into the text field identified by ``locator``.</doc>
<msg timestamp="20210813 19:59:46.074" level="INFO">Typing text 'Router' into text field 'id=q'.</msg>
<status status="PASS" starttime="20210813 19:59:46.062" endtime="20210813 19:59:46.595"/>
</kw>
<kw name="Click Button" library="SeleniumLibrary">
<arg>xpath=//*[@id="topActionHeader"]/div/div[2]/div/div[2]/form/div/div[2]/button</arg>
<doc>Clicks the button identified by ``locator``.</doc>
<msg timestamp="20210813 19:59:46.597" level="INFO">Clicking button 'xpath=//*[@id="topActionHeader"]/div/div[2]/div/div[2]/form/div/div[2]/button'.</msg>
<status status="PASS" starttime="20210813 19:59:46.596" endtime="20210813 19:59:51.556"/>
</kw>
<kw name="Wait Until Page Contains" library="SeleniumLibrary">
<arg>items found for "Router"</arg>
<doc>Waits until ``text`` appears on the current page.</doc>
<status status="PASS" starttime="20210813 19:59:51.559" endtime="20210813 19:59:51.923"/>
</kw>
<kw name="Execute Javascript" library="SeleniumLibrary">
<arg>window.scrollTo(0,600)</arg>
<doc>Executes the given JavaScript code with possible arguments.</doc>
<msg timestamp="20210813 19:59:51.925" level="INFO">Executing JavaScript:
window.scrollTo(0,600)
Without any arguments.</msg>
<status status="PASS" starttime="20210813 19:59:51.924" endtime="20210813 19:59:52.096"/>
</kw>
<kw name="Sleep" library="BuiltIn">
<arg>1s</arg>
<doc>Pauses the test executed for the given time.</doc>
<msg timestamp="20210813 19:59:53.108" level="INFO">Slept 1 second</msg>
<status status="PASS" starttime="20210813 19:59:52.097" endtime="20210813 19:59:53.108"/>
</kw>
<kw name="Click Link" library="SeleniumLibrary">
<arg>xpath=//*[@id="root"]/div/div[3]/div[1]/div/div[1]/div[2]/div[1]/div/div/div[2]/div[2]/a</arg>
<doc>Clicks a link identified by ``locator``.</doc>
<msg timestamp="20210813 19:59:53.109" level="INFO">Clicking link 'xpath=//*[@id="root"]/div/div[3]/div[1]/div/div[1]/div[2]/div[1]/div/div/div[2]/div[2]/a'.</msg>
<status status="PASS" starttime="20210813 19:59:53.108" endtime="20210813 19:59:56.757"/>
</kw>
<kw name="Sleep" library="BuiltIn">
<arg>1s</arg>
<doc>Pauses the test executed for the given time.</doc>
<msg timestamp="20210813 19:59:57.772" level="INFO">Slept 1 second</msg>
<status status="PASS" starttime="20210813 19:59:56.758" endtime="20210813 19:59:57.772"/>
</kw>
<kw name="Click Element" library="SeleniumLibrary">
<arg>//*[contains(text(),'Buy Now')]</arg>
<doc>Click the element identified by ``locator``.</doc>
<msg timestamp="20210813 19:59:57.774" level="INFO">Clicking element '//*[contains(text(),'Buy Now')]'.</msg>
<status status="PASS" starttime="20210813 19:59:57.773" endtime="20210813 19:59:57.924"/>
</kw>
<kw name="Sleep" library="BuiltIn">
<arg>1s</arg>
<doc>Pauses the test executed for the given time.</doc>
<msg timestamp="20210813 19:59:58.934" level="INFO">Slept 1 second</msg>
<status status="PASS" starttime="20210813 19:59:57.925" endtime="20210813 19:59:58.934"/>
</kw>
<kw name="Close Browser" library="SeleniumLibrary">
<doc>Closes the current browser.</doc>
<status status="PASS" starttime="20210813 19:59:58.936" endtime="20210813 20:00:02.518"/>
</kw>
<doc>Anyone can check a product without creating any daraz account. A person can search a product, check the details, and see the prices.</doc>
<tag>Smoke</tag>
<status status="PASS" starttime="20210813 19:59:38.602" endtime="20210813 20:00:02.520"/>
</test>
<doc>This is a basic test on daraz.com.bd. Everything is done inside a single file.</doc>
<status status="PASS" starttime="20210813 19:59:38.274" endtime="20210813 20:00:02.524"/>
</suite>
<statistics>
<total>
<stat pass="1" fail="0" skip="0">All Tests</stat>
</total>
<tag>
<stat pass="1" fail="0" skip="0">Smoke</stat>
</tag>
<suite>
<stat pass="1" fail="0" skip="0" id="s1" name="Daraz Basic">Daraz Basic</stat>
</suite>
</statistics>
<errors>
</errors>
</robot>
